<?xml version="1.0" encoding="UTF-8"?>
<!-- Generated by org.testng.reporters.JUnitReportReporter -->
<testsuite skipped="0" hostname="DESKTOP-MBNOM66" name="com.TestNG.Pratice.Data_Provider_Test" tests="3" failures="0" timestamp="2021-01-27T19:36:22 IST" time="0.014" errors="0">
  <testcase name="credentails" time="0.002" classname="com.TestNG.Pratice.Data_Provider_Test"/>
  <system-out/>
  <testcase name="credentails" time="0.002" classname="com.TestNG.Pratice.Data_Provider_Test"/>
  <system-out/>
  <testcase name="credentails" time="0.010" classname="com.TestNG.Pratice.Data_Provider_Test"/>
  <system-out/>
</testsuite> <!-- com.TestNG.Pratice.Data_Provider_Test -->
