<?xml version="1.0" encoding="UTF-8"?>
<!-- Generated by org.testng.reporters.JUnitReportReporter -->
<testsuite skipped="0" hostname="DESKTOP-MBNOM66" name="com.TestNG.Pratice.Priority_Test" tests="4" failures="0" timestamp="2021-01-27T13:39:52 IST" time="0.022" errors="0">
  <testcase name="musicSearch" time="0.013" classname="com.TestNG.Pratice.Priority_Test"/>
  <system-out/>
  <testcase name="laptopSearch" time="0.003" classname="com.TestNG.Pratice.Priority_Test"/>
  <system-out/>
  <testcase name="mobileSearch" time="0.004" classname="com.TestNG.Pratice.Priority_Test"/>
  <system-out/>
  <testcase name="earphonesSearch" time="0.002" classname="com.TestNG.Pratice.Priority_Test"/>
  <system-out/>
</testsuite> <!-- com.TestNG.Pratice.Priority_Test -->
