<?xml version="1.0" encoding="UTF-8"?>
<!-- Generated by org.testng.reporters.JUnitReportReporter -->
<testsuite skipped="0" hostname="DESKTOP-MBNOM66" name="com.TestNG.Pratice.Validation1" tests="1" failures="0" timestamp="2021-01-29T14:33:21 IST" time="0.016" errors="0">
  <testcase name="validation" time="0.016" classname="com.TestNG.Pratice.Validation1"/>
  <system-out/>
</testsuite> <!-- com.TestNG.Pratice.Validation1 -->
