<?xml version="1.0" encoding="UTF-8"?>
<!-- Generated by org.testng.reporters.JUnitReportReporter -->
<testsuite skipped="0" hostname="DESKTOP-MBNOM66" name="com.Excel.Sheet_Wor.Priority_Test" tests="4" failures="0" timestamp="2021-01-25T12:15:41 IST" time="0.015" errors="0">
  <testcase name="musicSearch" time="0.015" classname="com.Excel.Sheet_Wor.Priority_Test"/>
  <system-out/>
  <testcase name="laptopSearch" time="0.000" classname="com.Excel.Sheet_Wor.Priority_Test"/>
  <system-out/>
  <testcase name="mobileSearch" time="0.000" classname="com.Excel.Sheet_Wor.Priority_Test"/>
  <system-out/>
  <testcase name="earphonesSearch" time="0.000" classname="com.Excel.Sheet_Wor.Priority_Test"/>
  <system-out/>
</testsuite> <!-- com.Excel.Sheet_Wor.Priority_Test -->
