<?xml version="1.0" encoding="UTF-8"?>
<!-- Generated by org.testng.reporters.JUnitReportReporter -->
<testsuite skipped="0" hostname="DESKTOP-MBNOM66" name="com.TestNG.Pratice.Grouping_Test" tests="3" failures="0" timestamp="2021-01-29T13:17:54 IST" time="0.017" errors="0">
  <testcase name="mobileSearch" time="0.003" classname="com.TestNG.Pratice.Grouping_Test"/>
  <system-out/>
  <testcase name="mobilecharger" time="0.002" classname="com.TestNG.Pratice.Grouping_Test"/>
  <system-out/>
  <testcase name="earphones" time="0.012" classname="com.TestNG.Pratice.Grouping_Test"/>
  <system-out/>
</testsuite> <!-- com.TestNG.Pratice.Grouping_Test -->
