<?xml version="1.0" encoding="UTF-8"?>
<!-- Generated by org.testng.reporters.JUnitReportReporter -->
<testsuite skipped="2" hostname="DESKTOP-MBNOM66" name="com.TestNG.Pratice.Ignore_Concepts" tests="4" failures="0" timestamp="2021-01-27T13:27:49 IST" time="0.028" errors="0">
  <testcase name="laptopSearch" time="0.012" classname="com.TestNG.Pratice.Ignore_Concepts"/>
  <system-out/>
  <testcase name="mobileSearch" time="0.016" classname="com.TestNG.Pratice.Ignore_Concepts"/>
  <system-out/>
  <testcase name="earphonesSearch" classname="com.TestNG.Pratice.Ignore_Concepts">
    <skipped/>
  </testcase> <!-- earphonesSearch -->
  <system-out/>
  <testcase name="bookSearch" classname="com.TestNG.Pratice.Ignore_Concepts">
    <skipped/>
  </testcase> <!-- bookSearch -->
  <system-out/>
</testsuite> <!-- com.TestNG.Pratice.Ignore_Concepts -->
