<?xml version="1.0" encoding="UTF-8"?>
<!-- Generated by org.testng.reporters.JUnitReportReporter -->
<testsuite skipped="0" hostname="DESKTOP-MBNOM66" name="com.TestNG.Pratice.Excepted_Exception" tests="1" failures="0" timestamp="2021-01-27T13:31:49 IST" time="0.012" errors="0">
  <testcase name="array_Datas" time="0.012" classname="com.TestNG.Pratice.Excepted_Exception"/>
  <system-out/>
</testsuite> <!-- com.TestNG.Pratice.Excepted_Exception -->
