<?xml version="1.0" encoding="UTF-8"?>
<!-- Generated by org.testng.reporters.JUnitReportReporter -->
<testsuite skipped="0" hostname="DESKTOP-MBNOM66" name="com.TestNG.Pratice.Dependency_Test" tests="4" failures="0" timestamp="2021-02-02T11:28:08 IST" time="0.019" errors="0">
  <testcase name="samsungSearch" time="0.002" classname="com.TestNG.Pratice.Dependency_Test"/>
  <system-out/>
  <testcase name="laptopsearch" time="0.012" classname="com.TestNG.Pratice.Dependency_Test"/>
  <system-out/>
  <testcase name="offer" time="0.002" classname="com.TestNG.Pratice.Dependency_Test"/>
  <system-out/>
  <testcase name="mobilesearch" time="0.003" classname="com.TestNG.Pratice.Dependency_Test"/>
  <system-out/>
</testsuite> <!-- com.TestNG.Pratice.Dependency_Test -->
