<?xml version="1.0" encoding="UTF-8"?>
<!-- Generated by org.testng.reporters.JUnitReportReporter -->
<testsuite skipped="0" hostname="DESKTOP-MBNOM66" name="com.TestNG.Pratice.Invocation_Count" tests="5" failures="0" timestamp="2021-01-27T13:40:37 IST" time="0.025" errors="0">
  <testcase name="refresh" time="0.002" classname="com.TestNG.Pratice.Invocation_Count"/>
  <system-out/>
  <testcase name="refresh" time="0.004" classname="com.TestNG.Pratice.Invocation_Count"/>
  <system-out/>
  <testcase name="browser_launch" time="0.013" classname="com.TestNG.Pratice.Invocation_Count"/>
  <system-out/>
  <testcase name="url" time="0.003" classname="com.TestNG.Pratice.Invocation_Count"/>
  <system-out/>
  <testcase name="refresh" time="0.003" classname="com.TestNG.Pratice.Invocation_Count"/>
  <system-out/>
</testsuite> <!-- com.TestNG.Pratice.Invocation_Count -->
