<?xml version="1.0" encoding="UTF-8"?>
<!-- Generated by org.testng.reporters.JUnitReportReporter -->
<testsuite skipped="0" hostname="DESKTOP-MBNOM66" name="com.TestNG.Pratice.Timeout_Test2" tests="1" failures="0" timestamp="2021-01-26T17:31:53 IST" time="1.027" errors="0">
  <testcase name="page_load" time="1.027" classname="com.TestNG.Pratice.Timeout_Test2"/>
  <system-out/>
</testsuite> <!-- com.TestNG.Pratice.Timeout_Test2 -->
