<?xml version="1.0" encoding="UTF-8"?>
<!-- Generated by org.testng.reporters.JUnitReportReporter -->
<testsuite skipped="0" hostname="DESKTOP-MBNOM66" name="com.TestNG.Pratice.Parameters_Test" tests="1" failures="0" timestamp="2021-01-29T12:46:39 IST" time="0.014" errors="0">
  <testcase name="credentails" time="0.014" classname="com.TestNG.Pratice.Parameters_Test"/>
  <system-out/>
</testsuite> <!-- com.TestNG.Pratice.Parameters_Test -->
