<?xml version="1.0" encoding="UTF-8"?>
<!-- Generated by org.testng.reporters.JUnitReportReporter -->
<testsuite skipped="0" hostname="DESKTOP-MBNOM66" name="com.TestNG.Pratice.TestNG_Method" tests="2" failures="0" timestamp="2021-01-27T13:13:17 IST" time="0.022" errors="0">
  <testcase name="laptopSearch" time="0.016" classname="com.TestNG.Pratice.TestNG_Method"/>
  <system-out/>
  <testcase name="mobileSearch" time="0.006" classname="com.TestNG.Pratice.TestNG_Method"/>
  <system-out/>
</testsuite> <!-- com.TestNG.Pratice.TestNG_Method -->
