<?xml version="1.0" encoding="UTF-8"?>
<!-- Generated by org.testng.reporters.JUnitReportReporter -->
<testsuite skipped="0" hostname="DESKTOP-MBNOM66" name="com.Excel.Sheet_Wor.TestNG1" tests="2" failures="0" timestamp="2021-01-24T22:35:31 IST" time="0.011" errors="0">
  <testcase name="laptopSearch" time="0.009" classname="com.Excel.Sheet_Wor.TestNG1"/>
  <system-out/>
  <testcase name="mobileSearch" time="0.002" classname="com.Excel.Sheet_Wor.TestNG1"/>
  <system-out/>
</testsuite> <!-- com.Excel.Sheet_Wor.TestNG1 -->
