<?xml version="1.0" encoding="UTF-8"?>
<!-- Generated by org.testng.reporters.JUnitReportReporter -->
<testsuite skipped="2" hostname="DESKTOP-MBNOM66" name="com.Excel.Sheet_Wor.Ignore_Concepts" tests="3" failures="0" timestamp="2021-01-25T13:44:11 IST" time="0.017" errors="0">
  <testcase name="laptopSearch" time="0.017" classname="com.Excel.Sheet_Wor.Ignore_Concepts"/>
  <system-out/>
  <testcase name="earphonesSearch" classname="com.Excel.Sheet_Wor.Ignore_Concepts">
    <skipped/>
  </testcase> <!-- earphonesSearch -->
  <system-out/>
  <testcase name="bookSearch" classname="com.Excel.Sheet_Wor.Ignore_Concepts">
    <skipped/>
  </testcase> <!-- bookSearch -->
  <system-out/>
</testsuite> <!-- com.Excel.Sheet_Wor.Ignore_Concepts -->
